
> bpms@0.1.0 build-storybook
> storybook build --output-dir C:\Users\mmackend\AppData\Local\Temp\1\chromatic--20572-MJCv6TTgeMQ8

@storybook/cli v8.0.5

info => Cleaning outputDir: ..\..\..\AppData\Local\Temp\1\chromatic--20572-MJCv6TTgeMQ8
info => Loading presets
WARN Could not resolve addon "@chromatic-com/storybook", skipping. Is it installed?
WARN Could not resolve addon "@chromatic-com/storybook", skipping. Is it installed?
info => Building manager..
info => Manager built (1.5 s)
info => Building preview..
WARN No story files found for the specified pattern: src\**\*.mdx
info => Loading Webpack configuration from `node_modules\react-scripts`
info => Removing existing JavaScript and TypeScript rules.
info => Modifying Create React App rules.
info Addon-docs: using MDX3
info => Using default Webpack5 setup
info => Copying static files: public at ..\..\..\AppData\Local\Temp\1\chromatic--20572-MJCv6TTgeMQ8
WARN asset size limit: The following asset(s) exceed the recommended size limit (244 KiB).
WARN This can impact web performance.
WARN Assets: 
WARN   488.bcbc6896.iframe.bundle.js (1.66 MiB)
WARN   589.3ec4657a.iframe.bundle.js (627 KiB)
WARN entrypoint size limit: The following entrypoint(s) combined asset size exceeds the recommended limit (244 KiB). This can impact web performance.
WARN Entrypoints:
WARN   main (1.67 MiB)
WARN       runtime~main.d496f7b7.iframe.bundle.js
WARN       488.bcbc6896.iframe.bundle.js
WARN       main.b49bda12.iframe.bundle.js
WARN 
info => Preview built (22 s)
info => Output directory: C:\Users\mmackend\AppData\Local\Temp\1\chromatic--20572-MJCv6TTgeMQ8
